<?xml version="1.0" encoding="UTF-8"?>
<!-- Generated by org.testng.reporters.JUnitReportReporter -->
<testsuite hostname="sowmiii" failures="0" tests="4" name="com.testNgReport.Report_Demo" time="0.120" errors="0" timestamp="2023-03-08T21:17:55 IST" skipped="1">
  <testcase classname="com.testNgReport.Report_Demo" name="Username" time="0.070"/>
  <system-out/>
  <testcase classname="com.testNgReport.Report_Demo" name="Mobile" time="0.017"/>
  <system-out/>
  <testcase classname="com.testNgReport.Report_Demo" name="Login" time="0.033"/>
  <system-out/>
  <testcase classname="com.testNgReport.Report_Demo" name="Mobile1">
    <skipped/>
  </testcase> <!-- Mobile1 -->
  <system-out/>
</testsuite> <!-- com.testNgReport.Report_Demo -->
